app/build/intermediates/manifest_merge_blame_file/debug/manifest-merger-blame-debug-report.txt
1<?xml version="1.0" encoding="utf-8"?>
2<manifest xmlns:android="http://schemas.android.com/apk/res/android"
3    package="com.example.headbook"
4    android:versionCode="1"
5    android:versionName="1.0" >
6
7    <uses-sdk
8        android:minSdkVersion="21"
8-->src\main\AndroidManifest.xml
9        android:targetSdkVersion="32" />
9-->src\main\AndroidManifest.xml
10
11    <uses-permission android:name="android.permission.INTERNET" />
11-->[com.google.firebase:firebase-auth:21.1.0] AndroidManifest.xml:23:5-67
11-->[com.google.firebase:firebase-auth:21.1.0] AndroidManifest.xml:23:22-64
12    <uses-permission android:name="android.permission.ACCESS_NETWORK_STATE" />
12-->[com.google.firebase:firebase-auth:21.1.0] AndroidManifest.xml:24:5-79
12-->[com.google.firebase:firebase-auth:21.1.0] AndroidManifest.xml:24:22-76
13
14    <application
14-->src\main\AndroidManifest.xml:6:5-46:19
15        android:allowBackup="true"
15-->src\main\AndroidManifest.xml:7:9-35
16        android:appComponentFactory="androidx.core.app.CoreComponentFactory"
16-->[androidx.core:core:1.8.0] AndroidManifest.xml:24:18-86
17        android:dataExtractionRules="@xml/data_extraction_rules"
17-->src\main\AndroidManifest.xml:8:9-65
18        android:debuggable="true"
19        android:fullBackupContent="@xml/backup_rules"
19-->src\main\AndroidManifest.xml:9:9-54
20        android:icon="@mipmap/ic_launcher"
20-->src\main\AndroidManifest.xml:10:9-43
21        android:label="@string/app_name"
21-->src\main\AndroidManifest.xml:11:9-41
22        android:roundIcon="@mipmap/ic_launcher_round"
22-->src\main\AndroidManifest.xml:12:9-54
23        android:supportsRtl="true"
23-->src\main\AndroidManifest.xml:13:9-35
24        android:testOnly="true"
25        android:theme="@style/Theme.HeadBook" >
25-->src\main\AndroidManifest.xml:14:9-46
26        <activity
26-->src\main\AndroidManifest.xml:16:9-18:40
27            android:name="com.example.headbook.Inicio"
27-->src\main\AndroidManifest.xml:17:13-35
28            android:exported="false" />
28-->src\main\AndroidManifest.xml:18:13-37
29        <activity
29-->src\main\AndroidManifest.xml:19:9-21:40
30            android:name="com.example.headbook.Login"
30-->src\main\AndroidManifest.xml:20:13-34
31            android:exported="false" />
31-->src\main\AndroidManifest.xml:21:13-37
32        <activity
32-->src\main\AndroidManifest.xml:22:9-24:40
33            android:name="com.example.headbook.MainActivity2"
33-->src\main\AndroidManifest.xml:23:13-42
34            android:exported="false" />
34-->src\main\AndroidManifest.xml:24:13-37
35        <activity
35-->src\main\AndroidManifest.xml:25:9-27:40
36            android:name="com.example.headbook.Registro"
36-->src\main\AndroidManifest.xml:26:13-37
37            android:exported="false" />
37-->src\main\AndroidManifest.xml:27:13-37
38        <activity
38-->src\main\AndroidManifest.xml:28:9-36:20
39            android:name="com.example.headbook.PantDeCarga"
39-->src\main\AndroidManifest.xml:29:13-40
40            android:exported="true" >
40-->src\main\AndroidManifest.xml:30:13-36
41            <intent-filter>
41-->src\main\AndroidManifest.xml:31:13-35:29
42                <action android:name="android.intent.action.MAIN" />
42-->src\main\AndroidManifest.xml:32:17-69
42-->src\main\AndroidManifest.xml:32:25-66
43
44                <category android:name="android.intent.category.LAUNCHER" />
44-->src\main\AndroidManifest.xml:34:17-77
44-->src\main\AndroidManifest.xml:34:27-74
45            </intent-filter>
46        </activity>
47        <activity
47-->src\main\AndroidManifest.xml:37:9-45:20
48            android:name="com.example.headbook.MainActivity"
48-->src\main\AndroidManifest.xml:38:13-41
49            android:exported="true" >
49-->src\main\AndroidManifest.xml:39:13-36
50            <intent-filter>
50-->src\main\AndroidManifest.xml:40:13-44:29
51                <action android:name="android.intent.action.MAIN" />
51-->src\main\AndroidManifest.xml:32:17-69
51-->src\main\AndroidManifest.xml:32:25-66
52
53                <category android:name="android.intent.category.DEFAULT" />
53-->src\main\AndroidManifest.xml:43:17-76
53-->src\main\AndroidManifest.xml:43:27-73
54            </intent-filter>
55        </activity>
56        <activity
56-->[com.google.firebase:firebase-auth:21.1.0] AndroidManifest.xml:27:9-44:20
57            android:name="com.google.firebase.auth.internal.GenericIdpActivity"
57-->[com.google.firebase:firebase-auth:21.1.0] AndroidManifest.xml:28:13-80
58            android:excludeFromRecents="true"
58-->[com.google.firebase:firebase-auth:21.1.0] AndroidManifest.xml:29:13-46
59            android:exported="true"
59-->[com.google.firebase:firebase-auth:21.1.0] AndroidManifest.xml:30:13-36
60            android:launchMode="singleTask"
60-->[com.google.firebase:firebase-auth:21.1.0] AndroidManifest.xml:31:13-44
61            android:theme="@android:style/Theme.Translucent.NoTitleBar" >
61-->[com.google.firebase:firebase-auth:21.1.0] AndroidManifest.xml:32:13-72
62            <intent-filter>
62-->[com.google.firebase:firebase-auth:21.1.0] AndroidManifest.xml:33:13-43:29
63                <action android:name="android.intent.action.VIEW" />
63-->[com.google.firebase:firebase-auth:21.1.0] AndroidManifest.xml:34:17-69
63-->[com.google.firebase:firebase-auth:21.1.0] AndroidManifest.xml:34:25-66
64
65                <category android:name="android.intent.category.DEFAULT" />
65-->src\main\AndroidManifest.xml:43:17-76
65-->src\main\AndroidManifest.xml:43:27-73
66                <category android:name="android.intent.category.BROWSABLE" />
66-->[com.google.firebase:firebase-auth:21.1.0] AndroidManifest.xml:37:17-78
66-->[com.google.firebase:firebase-auth:21.1.0] AndroidManifest.xml:37:27-75
67
68                <data
68-->[com.google.firebase:firebase-auth:21.1.0] AndroidManifest.xml:39:17-42:51
69                    android:host="firebase.auth"
69-->[com.google.firebase:firebase-auth:21.1.0] AndroidManifest.xml:40:21-49
70                    android:path="/"
70-->[com.google.firebase:firebase-auth:21.1.0] AndroidManifest.xml:41:21-37
71                    android:scheme="genericidp" />
71-->[com.google.firebase:firebase-auth:21.1.0] AndroidManifest.xml:42:21-48
72            </intent-filter>
73        </activity>
74        <activity
74-->[com.google.firebase:firebase-auth:21.1.0] AndroidManifest.xml:45:9-62:20
75            android:name="com.google.firebase.auth.internal.RecaptchaActivity"
75-->[com.google.firebase:firebase-auth:21.1.0] AndroidManifest.xml:46:13-79
76            android:excludeFromRecents="true"
76-->[com.google.firebase:firebase-auth:21.1.0] AndroidManifest.xml:47:13-46
77            android:exported="true"
77-->[com.google.firebase:firebase-auth:21.1.0] AndroidManifest.xml:48:13-36
78            android:launchMode="singleTask"
78-->[com.google.firebase:firebase-auth:21.1.0] AndroidManifest.xml:49:13-44
79            android:theme="@android:style/Theme.Translucent.NoTitleBar" >
79-->[com.google.firebase:firebase-auth:21.1.0] AndroidManifest.xml:50:13-72
80            <intent-filter>
80-->[com.google.firebase:firebase-auth:21.1.0] AndroidManifest.xml:51:13-61:29
81                <action android:name="android.intent.action.VIEW" />
81-->[com.google.firebase:firebase-auth:21.1.0] AndroidManifest.xml:34:17-69
81-->[com.google.firebase:firebase-auth:21.1.0] AndroidManifest.xml:34:25-66
82
83                <category android:name="android.intent.category.DEFAULT" />
83-->src\main\AndroidManifest.xml:43:17-76
83-->src\main\AndroidManifest.xml:43:27-73
84                <category android:name="android.intent.category.BROWSABLE" />
84-->[com.google.firebase:firebase-auth:21.1.0] AndroidManifest.xml:37:17-78
84-->[com.google.firebase:firebase-auth:21.1.0] AndroidManifest.xml:37:27-75
85
86                <data
86-->[com.google.firebase:firebase-auth:21.1.0] AndroidManifest.xml:39:17-42:51
87                    android:host="firebase.auth"
87-->[com.google.firebase:firebase-auth:21.1.0] AndroidManifest.xml:40:21-49
88                    android:path="/"
88-->[com.google.firebase:firebase-auth:21.1.0] AndroidManifest.xml:41:21-37
89                    android:scheme="recaptcha" />
89-->[com.google.firebase:firebase-auth:21.1.0] AndroidManifest.xml:42:21-48
90            </intent-filter>
91        </activity>
92
93        <service
93-->[com.google.firebase:firebase-auth:21.1.0] AndroidManifest.xml:64:9-70:19
94            android:name="com.google.firebase.components.ComponentDiscoveryService"
94-->[com.google.firebase:firebase-auth:21.1.0] AndroidManifest.xml:65:13-84
95            android:directBootAware="true"
95-->[com.google.firebase:firebase-common:20.2.0] AndroidManifest.xml:34:13-43
96            android:exported="false" >
96-->[com.google.firebase:firebase-auth:21.1.0] AndroidManifest.xml:66:13-37
97            <meta-data
97-->[com.google.firebase:firebase-auth:21.1.0] AndroidManifest.xml:67:13-69:85
98                android:name="com.google.firebase.components:com.google.firebase.auth.FirebaseAuthRegistrar"
98-->[com.google.firebase:firebase-auth:21.1.0] AndroidManifest.xml:68:17-109
99                android:value="com.google.firebase.components.ComponentRegistrar" />
99-->[com.google.firebase:firebase-auth:21.1.0] AndroidManifest.xml:69:17-82
100            <meta-data
100-->[com.google.firebase:firebase-database:20.1.0] AndroidManifest.xml:31:13-33:85
101                android:name="com.google.firebase.components:com.google.firebase.database.DatabaseRegistrar"
101-->[com.google.firebase:firebase-database:20.1.0] AndroidManifest.xml:32:17-109
102                android:value="com.google.firebase.components.ComponentRegistrar" />
102-->[com.google.firebase:firebase-database:20.1.0] AndroidManifest.xml:33:17-82
103        </service>
104
105        <provider
105-->[com.google.firebase:firebase-common:20.2.0] AndroidManifest.xml:25:9-30:39
106            android:name="com.google.firebase.provider.FirebaseInitProvider"
106-->[com.google.firebase:firebase-common:20.2.0] AndroidManifest.xml:26:13-77
107            android:authorities="com.example.headbook.firebaseinitprovider"
107-->[com.google.firebase:firebase-common:20.2.0] AndroidManifest.xml:27:13-72
108            android:directBootAware="true"
108-->[com.google.firebase:firebase-common:20.2.0] AndroidManifest.xml:28:13-43
109            android:exported="false"
109-->[com.google.firebase:firebase-common:20.2.0] AndroidManifest.xml:29:13-37
110            android:initOrder="100" />
110-->[com.google.firebase:firebase-common:20.2.0] AndroidManifest.xml:30:13-36
111
112        <activity
112-->[com.google.android.gms:play-services-base:18.0.1] AndroidManifest.xml:20:9-22:45
113            android:name="com.google.android.gms.common.api.GoogleApiActivity"
113-->[com.google.android.gms:play-services-base:18.0.1] AndroidManifest.xml:20:19-85
114            android:exported="false"
114-->[com.google.android.gms:play-services-base:18.0.1] AndroidManifest.xml:22:19-43
115            android:theme="@android:style/Theme.Translucent.NoTitleBar" />
115-->[com.google.android.gms:play-services-base:18.0.1] AndroidManifest.xml:21:19-78
116
117        <meta-data
117-->[com.google.android.gms:play-services-basement:18.1.0] AndroidManifest.xml:21:9-23:69
118            android:name="com.google.android.gms.version"
118-->[com.google.android.gms:play-services-basement:18.1.0] AndroidManifest.xml:22:13-58
119            android:value="@integer/google_play_services_version" />
119-->[com.google.android.gms:play-services-basement:18.1.0] AndroidManifest.xml:23:13-66
120
121        <provider
121-->[androidx.emoji2:emoji2:1.2.0] AndroidManifest.xml:24:9-32:20
122            android:name="androidx.startup.InitializationProvider"
122-->[androidx.emoji2:emoji2:1.2.0] AndroidManifest.xml:25:13-67
123            android:authorities="com.example.headbook.androidx-startup"
123-->[androidx.emoji2:emoji2:1.2.0] AndroidManifest.xml:26:13-68
124            android:exported="false" >
124-->[androidx.emoji2:emoji2:1.2.0] AndroidManifest.xml:27:13-37
125            <meta-data
125-->[androidx.emoji2:emoji2:1.2.0] AndroidManifest.xml:29:13-31:52
126                android:name="androidx.emoji2.text.EmojiCompatInitializer"
126-->[androidx.emoji2:emoji2:1.2.0] AndroidManifest.xml:30:17-75
127                android:value="androidx.startup" />
127-->[androidx.emoji2:emoji2:1.2.0] AndroidManifest.xml:31:17-49
128            <meta-data
128-->[androidx.lifecycle:lifecycle-process:2.4.1] AndroidManifest.xml:31:13-33:52
129                android:name="androidx.lifecycle.ProcessLifecycleInitializer"
129-->[androidx.lifecycle:lifecycle-process:2.4.1] AndroidManifest.xml:32:17-78
130                android:value="androidx.startup" />
130-->[androidx.lifecycle:lifecycle-process:2.4.1] AndroidManifest.xml:33:17-49
131        </provider>
132    </application>
133
134</manifest>